<?xml version="1.0" ?>
<!DOCTYPE coverage SYSTEM "http://cobertura.sourceforge.net/xml/coverage-04.dtd">
<coverage lines-valid="24" lines-covered="23" line-rate="0.9582999999999999" branches-valid="2" branches-covered="1" branch-rate="0.5" timestamp="1773722153274" complexity="0" version="0.1">
  <sources>
    <source>C:\cygwin64\home\DELL\nodejs-cp252\jestway</source>
  </sources>
  <packages>
    <package name="main" line-rate="0.9582999999999999" branch-rate="0.5">
      <classes>
        <class name="initdata.js" filename="models\initdata.js" line-rate="1" branch-rate="1">
          <methods>
          </methods>
          <lines>
            <line number="2" hits="1" branch="false"/>
            <line number="10" hits="1" branch="false"/>
          </lines>
        </class>
        <class name="user.js" filename="models\user.js" line-rate="1" branch-rate="1">
          <methods>
            <method name="(anonymous_0)" hits="12" signature="()V">
              <lines>
                <line number="2" hits="12"/>
              </lines>
            </method>
          </methods>
          <lines>
            <line number="3" hits="12" branch="false"/>
            <line number="4" hits="12" branch="false"/>
            <line number="8" hits="1" branch="false"/>
          </lines>
        </class>
        <class name="userData.js" filename="models\userData.js" line-rate="0.9473" branch-rate="0.5">
          <methods>
            <method name="(anonymous_0)" hits="4" signature="()V">
              <lines>
                <line number="5" hits="4"/>
              </lines>
            </method>
            <method name="(anonymous_1)" hits="12" signature="()V">
              <lines>
                <line number="8" hits="12"/>
              </lines>
            </method>
            <method name="(anonymous_2)" hits="15" signature="()V">
              <lines>
                <line number="16" hits="15"/>
              </lines>
            </method>
            <method name="(anonymous_3)" hits="3" signature="()V">
              <lines>
                <line number="22" hits="3"/>
              </lines>
            </method>
            <method name="(anonymous_4)" hits="1" signature="()V">
              <lines>
                <line number="30" hits="1"/>
              </lines>
            </method>
            <method name="(anonymous_5)" hits="6" signature="()V">
              <lines>
                <line number="37" hits="6"/>
              </lines>
            </method>
            <method name="(anonymous_6)" hits="2" signature="()V">
              <lines>
                <line number="42" hits="2"/>
              </lines>
            </method>
          </methods>
          <lines>
            <line number="1" hits="1" branch="false"/>
            <line number="2" hits="1" branch="false"/>
            <line number="6" hits="4" branch="false"/>
            <line number="7" hits="4" branch="false"/>
            <line number="8" hits="4" branch="false"/>
            <line number="9" hits="12" branch="false"/>
            <line number="10" hits="12" branch="false"/>
            <line number="11" hits="12" branch="false"/>
            <line number="17" hits="15" branch="false"/>
            <line number="18" hits="15" branch="false"/>
            <line number="23" hits="3" branch="true" condition-coverage="50% (1/2)"/>
            <line number="24" hits="3" branch="false"/>
            <line number="26" hits="0" branch="false"/>
            <line number="31" hits="1" branch="false"/>
            <line number="32" hits="1" branch="false"/>
            <line number="33" hits="1" branch="false"/>
            <line number="38" hits="6" branch="false"/>
            <line number="43" hits="2" branch="false"/>
            <line number="50" hits="1" branch="false"/>
          </lines>
        </class>
      </classes>
    </package>
  </packages>
</coverage>
